<?xml version="1.0" encoding="UTF-8" ?>
<testsuites>
  <testsuite errors="0" failures="1" hostname="unicom-PC" id="0" name="MainTest" package="com.taobao.zhujiadun.test" skipped="0" tests="3" time="0.044" timestamp="2016-06-01T07:15:00">
      <properties>
[...]
</properties>

      <testcase classname="com.taobao.zhujiadun.test.MainTest" name="testMain1" time="0.003" />

      <testcase classname="com.taobao.zhujiadun.test.MainTest" name="testMainError" time="0.004">
          <failure message="expected:&lt;zhujiadun[]&gt; but was:&lt;zhujiadun[1]&gt;" type="junit.framework.ComparisonFailure">junit.framework.ComparisonFailure: expected:&lt;zhujiadun[]&gt; but was:&lt;zhujiadun[1]&gt;
	at com.taobao.zhujiadun.test.MainTest.testMainError(Unknown Source)
	at org.eclipse.ant.internal.launching.remote.EclipseDefaultExecutor.executeTargets(EclipseDefaultExecutor.java:36)
	at org.eclipse.ant.internal.launching.remote.InternalAntRunner.run(InternalAntRunner.java:453)
	at org.eclipse.ant.internal.launching.remote.InternalAntRunner.main(InternalAntRunner.java:140)
</failure>

      </testcase>

      <testcase classname="com.taobao.zhujiadun.test.MainTest" name="testMain" time="0.0" />

      <system-out><![CDATA[]]></system-out>

      <system-err><![CDATA[]]></system-err>

  </testsuite>
</testsuites>
